\BOOKMARK [1][-]{section.1}{Problema 1}{}% 1
\BOOKMARK [2][-]{subsection.1.1}{Enunciado}{section.1}% 2
\BOOKMARK [2][-]{subsection.1.2}{Metodolog\355a}{section.1}% 3
\BOOKMARK [2][-]{subsection.1.3}{Variables de entrada y salida}{section.1}% 4
\BOOKMARK [2][-]{subsection.1.4}{Pseudoc\363gido o Diagrama de Flujo}{section.1}% 5
\BOOKMARK [3][-]{subsubsection.1.4.1}{Algoritmo Merge Sort}{subsection.1.4}% 6
\BOOKMARK [3][-]{subsubsection.1.4.2}{Algoritmo Shuffle}{subsection.1.4}% 7
\BOOKMARK [3][-]{subsubsection.1.4.3}{Main}{subsection.1.4}% 8
\BOOKMARK [2][-]{subsection.1.5}{C\363digo}{section.1}% 9
\BOOKMARK [1][-]{section.2}{Problema 2}{}% 10
\BOOKMARK [2][-]{subsection.2.1}{Enunciado}{section.2}% 11
\BOOKMARK [2][-]{subsection.2.2}{Metodolog\355a}{section.2}% 12
\BOOKMARK [2][-]{subsection.2.3}{Variables de entrada y salida}{section.2}% 13
\BOOKMARK [2][-]{subsection.2.4}{Pseudoc\363gido o Diagrama de Flujo}{section.2}% 14
\BOOKMARK [2][-]{subsection.2.5}{C\363digo}{section.2}% 15
\BOOKMARK [1][-]{section.3}{Problema 3}{}% 16
\BOOKMARK [2][-]{subsection.3.1}{Enunciado}{section.3}% 17
\BOOKMARK [2][-]{subsection.3.2}{Metodolog\355a}{section.3}% 18
\BOOKMARK [2][-]{subsection.3.3}{Variables de entrada y salida}{section.3}% 19
\BOOKMARK [2][-]{subsection.3.4}{Pseudoc\363gido o Diagrama de Flujo}{section.3}% 20
\BOOKMARK [2][-]{subsection.3.5}{C\363digo}{section.3}% 21
\BOOKMARK [1][-]{section.4}{Problema 4}{}% 22
\BOOKMARK [2][-]{subsection.4.1}{Enunciado}{section.4}% 23
\BOOKMARK [2][-]{subsection.4.2}{Metodolog\355a}{section.4}% 24
\BOOKMARK [2][-]{subsection.4.3}{Variables de entrada y salida}{section.4}% 25
\BOOKMARK [2][-]{subsection.4.4}{Pseudoc\363gido o Diagrama de Flujo}{section.4}% 26
\BOOKMARK [2][-]{subsection.4.5}{C\363digo}{section.4}% 27
\BOOKMARK [1][-]{section.5}{Problema 5}{}% 28
\BOOKMARK [2][-]{subsection.5.1}{Enunciado}{section.5}% 29
\BOOKMARK [2][-]{subsection.5.2}{Metodolog\355a}{section.5}% 30
\BOOKMARK [2][-]{subsection.5.3}{Variables de entrada y salida}{section.5}% 31
\BOOKMARK [2][-]{subsection.5.4}{Pseudoc\363gido o Diagrama de Flujo}{section.5}% 32
\BOOKMARK [2][-]{subsection.5.5}{C\363digo}{section.5}% 33
\BOOKMARK [1][-]{section.6}{Problema 6}{}% 34
\BOOKMARK [2][-]{subsection.6.1}{Enunciado}{section.6}% 35
\BOOKMARK [2][-]{subsection.6.2}{Metodolog\355a}{section.6}% 36
\BOOKMARK [2][-]{subsection.6.3}{Variables de entrada y salida}{section.6}% 37
\BOOKMARK [2][-]{subsection.6.4}{Pseudoc\363gido o Diagrama de Flujo}{section.6}% 38
\BOOKMARK [2][-]{subsection.6.5}{C\363digo}{section.6}% 39
