

*******************************************************************************
Fri Apr 22 16:38:10 2022


FIT:    data read from 'data.dat' using 1:2
        format = x:z
        #datapoints = 10
        residuals are weighted equally (unit weight)

function used for fitting: f(x)
	f(x) = a*x + b
fitted parameters initialized with current variable values

iter      chisq       delta/lim  lambda   a             b            
   0 2.4654919000e+03   0.00e+00  4.44e+00    1.000000e+00   1.000000e+00
   4 1.2201006061e+00  -3.16e-01  4.44e-04    4.455152e-01   1.966667e+01

After 4 iterations the fit converged.
final sum of squares of residuals : 1.2201
rel. change during last iteration : -3.15983e-06

degrees of freedom    (FIT_NDF)                        : 8
rms of residuals      (FIT_STDFIT) = sqrt(WSSR/ndf)    : 0.390529
variance of residuals (reduced chisquare) = WSSR/ndf   : 0.152513

Final set of parameters            Asymptotic Standard Error
=======================            ==========================
a               = 0.445515         +/- 0.043        (9.651%)
b               = 19.6667          +/- 0.2668       (1.357%)

correlation matrix of the fit parameters:
                a      b      
a               1.000 
b              -0.886  1.000 


*******************************************************************************
Fri Apr 22 16:42:07 2022


FIT:    data read from 'data.dat' using 1:2
        format = x:z
        #datapoints = 10
        residuals are weighted equally (unit weight)

function used for fitting: f(x)
	f(x) = a*x + b
fitted parameters initialized with current variable values

iter      chisq       delta/lim  lambda   a             b            
   0 2.4654919000e+03   0.00e+00  4.44e+00    1.000000e+00   1.000000e+00
   4 1.2201006061e+00  -3.16e-01  4.44e-04    4.455152e-01   1.966667e+01

After 4 iterations the fit converged.
final sum of squares of residuals : 1.2201
rel. change during last iteration : -3.15983e-06

degrees of freedom    (FIT_NDF)                        : 8
rms of residuals      (FIT_STDFIT) = sqrt(WSSR/ndf)    : 0.390529
variance of residuals (reduced chisquare) = WSSR/ndf   : 0.152513

Final set of parameters            Asymptotic Standard Error
=======================            ==========================
a               = 0.445515         +/- 0.043        (9.651%)
b               = 19.6667          +/- 0.2668       (1.357%)

correlation matrix of the fit parameters:
                a      b      
a               1.000 
b              -0.886  1.000 


*******************************************************************************
Fri Apr 22 16:42:59 2022


FIT:    data read from 'data.dat' using 1:2
        format = x:z
        #datapoints = 10
        residuals are weighted equally (unit weight)

function used for fitting: f(x)
	f(x) = a*x + b
fitted parameters initialized with current variable values

iter      chisq       delta/lim  lambda   a             b            
   0 2.4654919000e+03   0.00e+00  4.44e+00    1.000000e+00   1.000000e+00
   4 1.2201006061e+00  -3.16e-01  4.44e-04    4.455152e-01   1.966667e+01

After 4 iterations the fit converged.
final sum of squares of residuals : 1.2201
rel. change during last iteration : -3.15983e-06

degrees of freedom    (FIT_NDF)                        : 8
rms of residuals      (FIT_STDFIT) = sqrt(WSSR/ndf)    : 0.390529
variance of residuals (reduced chisquare) = WSSR/ndf   : 0.152513

Final set of parameters            Asymptotic Standard Error
=======================            ==========================
a               = 0.445515         +/- 0.043        (9.651%)
b               = 19.6667          +/- 0.2668       (1.357%)

correlation matrix of the fit parameters:
                a      b      
a               1.000 
b              -0.886  1.000 


*******************************************************************************
Fri Apr 22 16:43:20 2022


FIT:    data read from 'data.dat' using 1:2
        format = x:z
        #datapoints = 10
        residuals are weighted equally (unit weight)

function used for fitting: f(x)
	f(x) = a*x + b
fitted parameters initialized with current variable values

iter      chisq       delta/lim  lambda   a             b            
   0 2.4654919000e+03   0.00e+00  4.44e+00    1.000000e+00   1.000000e+00
   4 1.2201006061e+00  -3.16e-01  4.44e-04    4.455152e-01   1.966667e+01

After 4 iterations the fit converged.
final sum of squares of residuals : 1.2201
rel. change during last iteration : -3.15983e-06

degrees of freedom    (FIT_NDF)                        : 8
rms of residuals      (FIT_STDFIT) = sqrt(WSSR/ndf)    : 0.390529
variance of residuals (reduced chisquare) = WSSR/ndf   : 0.152513

Final set of parameters            Asymptotic Standard Error
=======================            ==========================
a               = 0.445515         +/- 0.043        (9.651%)
b               = 19.6667          +/- 0.2668       (1.357%)

correlation matrix of the fit parameters:
                a      b      
a               1.000 
b              -0.886  1.000 


*******************************************************************************
Fri Apr 22 16:43:33 2022


FIT:    data read from 'data.dat' using 1:2
        format = x:z
        #datapoints = 10
        residuals are weighted equally (unit weight)

function used for fitting: f(x)
	f(x) = a*x + b
fitted parameters initialized with current variable values

iter      chisq       delta/lim  lambda   a             b            
   0 2.4654919000e+03   0.00e+00  4.44e+00    1.000000e+00   1.000000e+00
   4 1.2201006061e+00  -3.16e-01  4.44e-04    4.455152e-01   1.966667e+01

After 4 iterations the fit converged.
final sum of squares of residuals : 1.2201
rel. change during last iteration : -3.15983e-06

degrees of freedom    (FIT_NDF)                        : 8
rms of residuals      (FIT_STDFIT) = sqrt(WSSR/ndf)    : 0.390529
variance of residuals (reduced chisquare) = WSSR/ndf   : 0.152513

Final set of parameters            Asymptotic Standard Error
=======================            ==========================
a               = 0.445515         +/- 0.043        (9.651%)
b               = 19.6667          +/- 0.2668       (1.357%)

correlation matrix of the fit parameters:
                a      b      
a               1.000 
b              -0.886  1.000 


*******************************************************************************
Fri Apr 22 16:48:27 2022


FIT:    data read from 'data.dat' using 1:2
        format = x:z
        #datapoints = 10
        residuals are weighted equally (unit weight)

function used for fitting: f(x)
	f(x) = a*x + b
fitted parameters initialized with current variable values

iter      chisq       delta/lim  lambda   a             b            
   0 2.4654919000e+03   0.00e+00  4.44e+00    1.000000e+00   1.000000e+00
   4 1.2201006061e+00  -3.16e-01  4.44e-04    4.455152e-01   1.966667e+01

After 4 iterations the fit converged.
final sum of squares of residuals : 1.2201
rel. change during last iteration : -3.15983e-06

degrees of freedom    (FIT_NDF)                        : 8
rms of residuals      (FIT_STDFIT) = sqrt(WSSR/ndf)    : 0.390529
variance of residuals (reduced chisquare) = WSSR/ndf   : 0.152513

Final set of parameters            Asymptotic Standard Error
=======================            ==========================
a               = 0.445515         +/- 0.043        (9.651%)
b               = 19.6667          +/- 0.2668       (1.357%)

correlation matrix of the fit parameters:
                a      b      
a               1.000 
b              -0.886  1.000 


*******************************************************************************
Fri Apr 22 16:48:41 2022


FIT:    data read from 'data.dat' using 1:2
        format = x:z
        #datapoints = 10
        residuals are weighted equally (unit weight)

function used for fitting: f(x)
	f(x) = a*x + b
fitted parameters initialized with current variable values

iter      chisq       delta/lim  lambda   a             b            
   0 2.4654919000e+03   0.00e+00  4.44e+00    1.000000e+00   1.000000e+00
   4 1.2201006061e+00  -3.16e-01  4.44e-04    4.455152e-01   1.966667e+01

After 4 iterations the fit converged.
final sum of squares of residuals : 1.2201
rel. change during last iteration : -3.15983e-06

degrees of freedom    (FIT_NDF)                        : 8
rms of residuals      (FIT_STDFIT) = sqrt(WSSR/ndf)    : 0.390529
variance of residuals (reduced chisquare) = WSSR/ndf   : 0.152513

Final set of parameters            Asymptotic Standard Error
=======================            ==========================
a               = 0.445515         +/- 0.043        (9.651%)
b               = 19.6667          +/- 0.2668       (1.357%)

correlation matrix of the fit parameters:
                a      b      
a               1.000 
b              -0.886  1.000 


*******************************************************************************
Wed Apr 27 23:55:42 2022


FIT:    data read from 'data.dat' using 1:2
        format = x:z
        #datapoints = 10
        residuals are weighted equally (unit weight)

function used for fitting: f(x)
	f(x) = a*x + b
fitted parameters initialized with current variable values

iter      chisq       delta/lim  lambda   a             b            
   0 2.4654919000e+03   0.00e+00  4.44e+00    1.000000e+00   1.000000e+00
   4 1.2201006061e+00  -3.16e-01  4.44e-04    4.455152e-01   1.966667e+01

After 4 iterations the fit converged.
final sum of squares of residuals : 1.2201
rel. change during last iteration : -3.15983e-06

degrees of freedom    (FIT_NDF)                        : 8
rms of residuals      (FIT_STDFIT) = sqrt(WSSR/ndf)    : 0.390529
variance of residuals (reduced chisquare) = WSSR/ndf   : 0.152513

Final set of parameters            Asymptotic Standard Error
=======================            ==========================
a               = 0.445515         +/- 0.043        (9.651%)
b               = 19.6667          +/- 0.2668       (1.357%)

correlation matrix of the fit parameters:
                a      b      
a               1.000 
b              -0.886  1.000 


*******************************************************************************
Thu Apr 28 10:08:01 2022


FIT:    data read from 'data.dat' using 1:2
        format = x:z
        #datapoints = 10
        residuals are weighted equally (unit weight)

function used for fitting: f(x)
	f(x) = a*x + b
fitted parameters initialized with current variable values

iter      chisq       delta/lim  lambda   a             b            
   0 2.4654919000e+03   0.00e+00  4.44e+00    1.000000e+00   1.000000e+00
   4 1.2201006061e+00  -3.16e-01  4.44e-04    4.455152e-01   1.966667e+01

After 4 iterations the fit converged.
final sum of squares of residuals : 1.2201
rel. change during last iteration : -3.15983e-06

degrees of freedom    (FIT_NDF)                        : 8
rms of residuals      (FIT_STDFIT) = sqrt(WSSR/ndf)    : 0.390529
variance of residuals (reduced chisquare) = WSSR/ndf   : 0.152513

Final set of parameters            Asymptotic Standard Error
=======================            ==========================
a               = 0.445515         +/- 0.043        (9.651%)
b               = 19.6667          +/- 0.2668       (1.357%)

correlation matrix of the fit parameters:
                a      b      
a               1.000 
b              -0.886  1.000 


*******************************************************************************
Thu Apr 28 10:08:45 2022


FIT:    data read from 'data.dat' using 1:2
        format = x:z
        #datapoints = 10
        residuals are weighted equally (unit weight)

function used for fitting: f(x)
	f(x) = a*x + b
fitted parameters initialized with current variable values

iter      chisq       delta/lim  lambda   a             b            
   0 2.4654919000e+03   0.00e+00  4.44e+00    1.000000e+00   1.000000e+00
   4 1.2201006061e+00  -3.16e-01  4.44e-04    4.455152e-01   1.966667e+01

After 4 iterations the fit converged.
final sum of squares of residuals : 1.2201
rel. change during last iteration : -3.15983e-06

degrees of freedom    (FIT_NDF)                        : 8
rms of residuals      (FIT_STDFIT) = sqrt(WSSR/ndf)    : 0.390529
variance of residuals (reduced chisquare) = WSSR/ndf   : 0.152513

Final set of parameters            Asymptotic Standard Error
=======================            ==========================
a               = 0.445515         +/- 0.043        (9.651%)
b               = 19.6667          +/- 0.2668       (1.357%)

correlation matrix of the fit parameters:
                a      b      
a               1.000 
b              -0.886  1.000 


*******************************************************************************
Thu Apr 28 10:12:20 2022


FIT:    data read from 'data.dat' using 1:2
        format = x:z
        #datapoints = 10
        residuals are weighted equally (unit weight)

function used for fitting: f(x)
	f(x) = a*x + b
fitted parameters initialized with current variable values

iter      chisq       delta/lim  lambda   a             b            
   0 2.4654919000e+03   0.00e+00  4.44e+00    1.000000e+00   1.000000e+00
   4 1.2201006061e+00  -3.16e-01  4.44e-04    4.455152e-01   1.966667e+01

After 4 iterations the fit converged.
final sum of squares of residuals : 1.2201
rel. change during last iteration : -3.15983e-06

degrees of freedom    (FIT_NDF)                        : 8
rms of residuals      (FIT_STDFIT) = sqrt(WSSR/ndf)    : 0.390529
variance of residuals (reduced chisquare) = WSSR/ndf   : 0.152513

Final set of parameters            Asymptotic Standard Error
=======================            ==========================
a               = 0.445515         +/- 0.043        (9.651%)
b               = 19.6667          +/- 0.2668       (1.357%)

correlation matrix of the fit parameters:
                a      b      
a               1.000 
b              -0.886  1.000 


*******************************************************************************
Thu Apr 28 10:14:46 2022


FIT:    data read from 'data.dat' using 1:2
        format = x:z
        #datapoints = 10
        residuals are weighted equally (unit weight)

function used for fitting: f(x)
	f(x) = a*x + b
fitted parameters initialized with current variable values

iter      chisq       delta/lim  lambda   a             b            
   0 2.4654919000e+03   0.00e+00  4.44e+00    1.000000e+00   1.000000e+00
   4 1.2201006061e+00  -3.16e-01  4.44e-04    4.455152e-01   1.966667e+01

After 4 iterations the fit converged.
final sum of squares of residuals : 1.2201
rel. change during last iteration : -3.15983e-06

degrees of freedom    (FIT_NDF)                        : 8
rms of residuals      (FIT_STDFIT) = sqrt(WSSR/ndf)    : 0.390529
variance of residuals (reduced chisquare) = WSSR/ndf   : 0.152513

Final set of parameters            Asymptotic Standard Error
=======================            ==========================
a               = 0.445515         +/- 0.043        (9.651%)
b               = 19.6667          +/- 0.2668       (1.357%)

correlation matrix of the fit parameters:
                a      b      
a               1.000 
b              -0.886  1.000 


*******************************************************************************
Thu Apr 28 10:15:01 2022


FIT:    data read from 'data.dat' using 1:2
        format = x:z
        #datapoints = 10
        residuals are weighted equally (unit weight)

function used for fitting: f(x)
	f(x) = a*x + b
fitted parameters initialized with current variable values

iter      chisq       delta/lim  lambda   a             b            
   0 2.4654919000e+03   0.00e+00  4.44e+00    1.000000e+00   1.000000e+00
   4 1.2201006061e+00  -3.16e-01  4.44e-04    4.455152e-01   1.966667e+01

After 4 iterations the fit converged.
final sum of squares of residuals : 1.2201
rel. change during last iteration : -3.15983e-06

degrees of freedom    (FIT_NDF)                        : 8
rms of residuals      (FIT_STDFIT) = sqrt(WSSR/ndf)    : 0.390529
variance of residuals (reduced chisquare) = WSSR/ndf   : 0.152513

Final set of parameters            Asymptotic Standard Error
=======================            ==========================
a               = 0.445515         +/- 0.043        (9.651%)
b               = 19.6667          +/- 0.2668       (1.357%)

correlation matrix of the fit parameters:
                a      b      
a               1.000 
b              -0.886  1.000 


*******************************************************************************
Thu Apr 28 10:18:42 2022


FIT:    data read from 'data.dat' using 1:2
        format = x:z
        #datapoints = 10
        residuals are weighted equally (unit weight)

function used for fitting: f(x)
	f(x) = a*x + b
fitted parameters initialized with current variable values

iter      chisq       delta/lim  lambda   a             b            
   0 2.4654919000e+03   0.00e+00  4.44e+00    1.000000e+00   1.000000e+00
   4 1.2201006061e+00  -3.16e-01  4.44e-04    4.455152e-01   1.966667e+01

After 4 iterations the fit converged.
final sum of squares of residuals : 1.2201
rel. change during last iteration : -3.15983e-06

degrees of freedom    (FIT_NDF)                        : 8
rms of residuals      (FIT_STDFIT) = sqrt(WSSR/ndf)    : 0.390529
variance of residuals (reduced chisquare) = WSSR/ndf   : 0.152513

Final set of parameters            Asymptotic Standard Error
=======================            ==========================
a               = 0.445515         +/- 0.043        (9.651%)
b               = 19.6667          +/- 0.2668       (1.357%)

correlation matrix of the fit parameters:
                a      b      
a               1.000 
b              -0.886  1.000 


*******************************************************************************
Thu Apr 28 11:26:04 2022


FIT:    data read from 'data.dat' using 1:2
        format = x:z
        #datapoints = 10
        residuals are weighted equally (unit weight)

function used for fitting: f(x)
	f(x) = a*x + b
fitted parameters initialized with current variable values

iter      chisq       delta/lim  lambda   a             b            
   0 2.4654919000e+03   0.00e+00  4.44e+00    1.000000e+00   1.000000e+00
   4 1.2201006061e+00  -3.16e-01  4.44e-04    4.455152e-01   1.966667e+01

After 4 iterations the fit converged.
final sum of squares of residuals : 1.2201
rel. change during last iteration : -3.15983e-06

degrees of freedom    (FIT_NDF)                        : 8
rms of residuals      (FIT_STDFIT) = sqrt(WSSR/ndf)    : 0.390529
variance of residuals (reduced chisquare) = WSSR/ndf   : 0.152513

Final set of parameters            Asymptotic Standard Error
=======================            ==========================
a               = 0.445515         +/- 0.043        (9.651%)
b               = 19.6667          +/- 0.2668       (1.357%)

correlation matrix of the fit parameters:
                a      b      
a               1.000 
b              -0.886  1.000 


*******************************************************************************
Fri Apr 29 00:09:36 2022


FIT:    data read from 'data.dat' using 1:2
        format = x:z
        #datapoints = 10
        residuals are weighted equally (unit weight)

function used for fitting: f(x)
	f(x) = a*x + b
fitted parameters initialized with current variable values

iter      chisq       delta/lim  lambda   a             b            
   0 2.4654919000e+03   0.00e+00  4.44e+00    1.000000e+00   1.000000e+00
   4 1.2201006061e+00  -3.16e-01  4.44e-04    4.455152e-01   1.966667e+01

After 4 iterations the fit converged.
final sum of squares of residuals : 1.2201
rel. change during last iteration : -3.15983e-06

degrees of freedom    (FIT_NDF)                        : 8
rms of residuals      (FIT_STDFIT) = sqrt(WSSR/ndf)    : 0.390529
variance of residuals (reduced chisquare) = WSSR/ndf   : 0.152513

Final set of parameters            Asymptotic Standard Error
=======================            ==========================
a               = 0.445515         +/- 0.043        (9.651%)
b               = 19.6667          +/- 0.2668       (1.357%)

correlation matrix of the fit parameters:
                a      b      
a               1.000 
b              -0.886  1.000 


*******************************************************************************
Mon May  2 22:21:40 2022


FIT:    data read from 'data.dat' using 1:2
        format = x:z
        #datapoints = 10
        residuals are weighted equally (unit weight)

function used for fitting: f(x)
	f(x) = a*x + b
fitted parameters initialized with current variable values

iter      chisq       delta/lim  lambda   a             b            
   0 2.4654919000e+03   0.00e+00  4.44e+00    1.000000e+00   1.000000e+00
   4 1.2201006061e+00  -3.16e-01  4.44e-04    4.455152e-01   1.966667e+01

After 4 iterations the fit converged.
final sum of squares of residuals : 1.2201
rel. change during last iteration : -3.15983e-06

degrees of freedom    (FIT_NDF)                        : 8
rms of residuals      (FIT_STDFIT) = sqrt(WSSR/ndf)    : 0.390529
variance of residuals (reduced chisquare) = WSSR/ndf   : 0.152513

Final set of parameters            Asymptotic Standard Error
=======================            ==========================
a               = 0.445515         +/- 0.043        (9.651%)
b               = 19.6667          +/- 0.2668       (1.357%)

correlation matrix of the fit parameters:
                a      b      
a               1.000 
b              -0.886  1.000 


*******************************************************************************
Tue May  3 13:27:41 2022


FIT:    data read from 'data.dat' using 1:2
        format = x:z
        #datapoints = 10
        residuals are weighted equally (unit weight)

function used for fitting: f(x)
	f(x) = a*x + b
fitted parameters initialized with current variable values

iter      chisq       delta/lim  lambda   a             b            
   0 2.4654919000e+03   0.00e+00  4.44e+00    1.000000e+00   1.000000e+00
   4 1.2201006061e+00  -3.16e-01  4.44e-04    4.455152e-01   1.966667e+01

After 4 iterations the fit converged.
final sum of squares of residuals : 1.2201
rel. change during last iteration : -3.15983e-06

degrees of freedom    (FIT_NDF)                        : 8
rms of residuals      (FIT_STDFIT) = sqrt(WSSR/ndf)    : 0.390529
variance of residuals (reduced chisquare) = WSSR/ndf   : 0.152513

Final set of parameters            Asymptotic Standard Error
=======================            ==========================
a               = 0.445515         +/- 0.043        (9.651%)
b               = 19.6667          +/- 0.2668       (1.357%)

correlation matrix of the fit parameters:
                a      b      
a               1.000 
b              -0.886  1.000 


*******************************************************************************
Tue May  3 13:27:59 2022


FIT:    data read from 'data.dat' using 1:2
        format = x:z
        #datapoints = 10
        residuals are weighted equally (unit weight)

function used for fitting: f(x)
	f(x) = a*x + b
fitted parameters initialized with current variable values

iter      chisq       delta/lim  lambda   a             b            
   0 2.4654919000e+03   0.00e+00  4.44e+00    1.000000e+00   1.000000e+00
   4 1.2201006061e+00  -3.16e-01  4.44e-04    4.455152e-01   1.966667e+01

After 4 iterations the fit converged.
final sum of squares of residuals : 1.2201
rel. change during last iteration : -3.15983e-06

degrees of freedom    (FIT_NDF)                        : 8
rms of residuals      (FIT_STDFIT) = sqrt(WSSR/ndf)    : 0.390529
variance of residuals (reduced chisquare) = WSSR/ndf   : 0.152513

Final set of parameters            Asymptotic Standard Error
=======================            ==========================
a               = 0.445515         +/- 0.043        (9.651%)
b               = 19.6667          +/- 0.2668       (1.357%)

correlation matrix of the fit parameters:
                a      b      
a               1.000 
b              -0.886  1.000 


*******************************************************************************
Tue May  3 13:28:18 2022


FIT:    data read from 'data.dat' using 1:2
        format = x:z
        #datapoints = 10
        residuals are weighted equally (unit weight)

function used for fitting: f(x)
	f(x) = a*x + b
fitted parameters initialized with current variable values

iter      chisq       delta/lim  lambda   a             b            
   0 2.4654919000e+03   0.00e+00  4.44e+00    1.000000e+00   1.000000e+00
   4 1.2201006061e+00  -3.16e-01  4.44e-04    4.455152e-01   1.966667e+01

After 4 iterations the fit converged.
final sum of squares of residuals : 1.2201
rel. change during last iteration : -3.15983e-06

degrees of freedom    (FIT_NDF)                        : 8
rms of residuals      (FIT_STDFIT) = sqrt(WSSR/ndf)    : 0.390529
variance of residuals (reduced chisquare) = WSSR/ndf   : 0.152513

Final set of parameters            Asymptotic Standard Error
=======================            ==========================
a               = 0.445515         +/- 0.043        (9.651%)
b               = 19.6667          +/- 0.2668       (1.357%)

correlation matrix of the fit parameters:
                a      b      
a               1.000 
b              -0.886  1.000 


*******************************************************************************
Tue May  3 13:28:32 2022


FIT:    data read from 'data.dat' using 1:2
        format = x:z
        #datapoints = 10
        residuals are weighted equally (unit weight)

function used for fitting: f(x)
	f(x) = a*x + b
fitted parameters initialized with current variable values

iter      chisq       delta/lim  lambda   a             b            
   0 2.4654919000e+03   0.00e+00  4.44e+00    1.000000e+00   1.000000e+00
   4 1.2201006061e+00  -3.16e-01  4.44e-04    4.455152e-01   1.966667e+01

After 4 iterations the fit converged.
final sum of squares of residuals : 1.2201
rel. change during last iteration : -3.15983e-06

degrees of freedom    (FIT_NDF)                        : 8
rms of residuals      (FIT_STDFIT) = sqrt(WSSR/ndf)    : 0.390529
variance of residuals (reduced chisquare) = WSSR/ndf   : 0.152513

Final set of parameters            Asymptotic Standard Error
=======================            ==========================
a               = 0.445515         +/- 0.043        (9.651%)
b               = 19.6667          +/- 0.2668       (1.357%)

correlation matrix of the fit parameters:
                a      b      
a               1.000 
b              -0.886  1.000 


*******************************************************************************
Tue May  3 13:29:46 2022


FIT:    data read from 'data.dat' using 1:2
        format = x:z
        #datapoints = 10
        residuals are weighted equally (unit weight)

function used for fitting: f(x)
	f(x) = a*x + b
fitted parameters initialized with current variable values

iter      chisq       delta/lim  lambda   a             b            
   0 2.4654919052e+03   0.00e+00  4.44e+00    1.000000e+00   1.000000e+00
   4 1.2201025192e+00  -3.16e-01  4.44e-04    4.455151e-01   1.966667e+01

After 4 iterations the fit converged.
final sum of squares of residuals : 1.2201
rel. change during last iteration : -3.15982e-06

degrees of freedom    (FIT_NDF)                        : 8
rms of residuals      (FIT_STDFIT) = sqrt(WSSR/ndf)    : 0.390529
variance of residuals (reduced chisquare) = WSSR/ndf   : 0.152513

Final set of parameters            Asymptotic Standard Error
=======================            ==========================
a               = 0.445515         +/- 0.043        (9.651%)
b               = 19.6667          +/- 0.2668       (1.357%)

correlation matrix of the fit parameters:
                a      b      
a               1.000 
b              -0.886  1.000 


*******************************************************************************
Tue May  3 13:31:03 2022


FIT:    data read from 'data.dat' using 1:2
        format = x:z
        #datapoints = 10
        residuals are weighted equally (unit weight)

function used for fitting: f(x)
	f(x) = a*x + b
fitted parameters initialized with current variable values

iter      chisq       delta/lim  lambda   a             b            
   0 2.4654919052e+03   0.00e+00  4.44e+00    1.000000e+00   1.000000e+00
   4 1.2201025192e+00  -3.16e-01  4.44e-04    4.455151e-01   1.966667e+01

After 4 iterations the fit converged.
final sum of squares of residuals : 1.2201
rel. change during last iteration : -3.15982e-06

degrees of freedom    (FIT_NDF)                        : 8
rms of residuals      (FIT_STDFIT) = sqrt(WSSR/ndf)    : 0.390529
variance of residuals (reduced chisquare) = WSSR/ndf   : 0.152513

Final set of parameters            Asymptotic Standard Error
=======================            ==========================
a               = 0.445515         +/- 0.043        (9.651%)
b               = 19.6667          +/- 0.2668       (1.357%)

correlation matrix of the fit parameters:
                a      b      
a               1.000 
b              -0.886  1.000 


*******************************************************************************
Tue May  3 13:35:59 2022


FIT:    data read from 'data.dat' using 1:2
        format = x:z
        #datapoints = 10
        residuals are weighted equally (unit weight)

function used for fitting: f(x)
	f(x) = a*x + b
fitted parameters initialized with current variable values

iter      chisq       delta/lim  lambda   a             b            
   0 2.4654919052e+03   0.00e+00  4.44e+00    1.000000e+00   1.000000e+00
   4 1.2201025192e+00  -3.16e-01  4.44e-04    4.455151e-01   1.966667e+01

After 4 iterations the fit converged.
final sum of squares of residuals : 1.2201
rel. change during last iteration : -3.15982e-06

degrees of freedom    (FIT_NDF)                        : 8
rms of residuals      (FIT_STDFIT) = sqrt(WSSR/ndf)    : 0.390529
variance of residuals (reduced chisquare) = WSSR/ndf   : 0.152513

Final set of parameters            Asymptotic Standard Error
=======================            ==========================
a               = 0.445515         +/- 0.043        (9.651%)
b               = 19.6667          +/- 0.2668       (1.357%)

correlation matrix of the fit parameters:
                a      b      
a               1.000 
b              -0.886  1.000 
